1688297210.377497 client started (11719): version 3.3a, socket /private/tmp/tmux-501/default, protocol 8
1688297210.377547 on Darwin 22.5.0 Darwin Kernel Version 22.5.0: Thu Jun  8 22:22:19 PDT 2023; root:xnu-8796.121.3~7/RELEASE_ARM64_T8103
1688297210.378392 using libevent 2.1.12-stable (select); utf8proc 2.8.0; ncurses 6.4
1688297210.378423 flags are 0x18010000
1688297210.378432 socket is /private/tmp/tmux-501/default
1688297210.378444 trying connect
1688297210.378470 connect failed: Connection refused
1688297210.378488 lock file is /private/tmp/tmux-501/default.lock
1688297210.378588 flock succeeded
1688297210.378597 got lock (6)
1688297210.378606 trying connect
1688297210.378617 connect failed: Connection refused
1688297210.379009 add peer 0x128048000: 7 (0x0)
1688297210.383750 sending message 100 to peer 0x128048000 (4 bytes)
1688297210.383769 sending message 111 to peer 0x128048000 (8 bytes)
1688297210.383779 sending message 101 to peer 0x128048000 (15 bytes)
1688297210.383788 sending message 109 to peer 0x128048000 (4 bytes)
1688297210.383796 sending message 102 to peer 0x128048000 (13 bytes)
1688297210.383804 sending message 108 to peer 0x128048000 (23 bytes)
1688297210.383812 sending message 112 to peer 0x128048000 (58 bytes)
1688297210.383820 sending message 112 to peer 0x128048000 (5 bytes)
1688297210.383828 sending message 112 to peer 0x128048000 (5 bytes)
1688297210.383839 sending message 112 to peer 0x128048000 (6 bytes)
1688297210.383848 sending message 112 to peer 0x128048000 (6 bytes)
1688297210.383855 sending message 112 to peer 0x128048000 (11 bytes)
1688297210.383863 sending message 112 to peer 0x128048000 (10 bytes)
1688297210.383870 sending message 112 to peer 0x128048000 (13 bytes)
1688297210.383878 sending message 112 to peer 0x128048000 (14 bytes)
1688297210.383886 sending message 112 to peer 0x128048000 (19 bytes)
1688297210.383894 sending message 112 to peer 0x128048000 (11 bytes)
1688297210.383901 sending message 112 to peer 0x128048000 (10 bytes)
1688297210.383909 sending message 112 to peer 0x128048000 (15 bytes)
1688297210.383917 sending message 112 to peer 0x128048000 (21 bytes)
1688297210.383924 sending message 112 to peer 0x128048000 (13 bytes)
1688297210.383931 sending message 112 to peer 0x128048000 (7 bytes)
1688297210.383939 sending message 112 to peer 0x128048000 (13 bytes)
1688297210.383946 sending message 112 to peer 0x128048000 (7 bytes)
1688297210.383953 sending message 112 to peer 0x128048000 (13 bytes)
1688297210.383961 sending message 112 to peer 0x128048000 (9 bytes)
1688297210.383968 sending message 112 to peer 0x128048000 (21 bytes)
1688297210.383974 sending message 112 to peer 0x128048000 (13 bytes)
1688297210.383982 sending message 112 to peer 0x128048000 (9 bytes)
1688297210.383989 sending message 112 to peer 0x128048000 (16 bytes)
1688297210.383997 sending message 112 to peer 0x128048000 (13 bytes)
1688297210.384003 sending message 112 to peer 0x128048000 (9 bytes)
1688297210.384011 sending message 112 to peer 0x128048000 (9 bytes)
1688297210.384017 sending message 112 to peer 0x128048000 (12 bytes)
1688297210.384023 sending message 112 to peer 0x128048000 (8 bytes)
1688297210.384030 sending message 112 to peer 0x128048000 (8 bytes)
1688297210.384038 sending message 112 to peer 0x128048000 (13 bytes)
1688297210.384045 sending message 112 to peer 0x128048000 (7 bytes)
1688297210.384053 sending message 112 to peer 0x128048000 (7 bytes)
1688297210.384061 sending message 112 to peer 0x128048000 (9 bytes)
1688297210.384069 sending message 112 to peer 0x128048000 (9 bytes)
1688297210.384076 sending message 112 to peer 0x128048000 (15 bytes)
1688297210.384083 sending message 112 to peer 0x128048000 (13 bytes)
1688297210.384091 sending message 112 to peer 0x128048000 (12 bytes)
1688297210.384099 sending message 112 to peer 0x128048000 (8 bytes)
1688297210.384106 sending message 112 to peer 0x128048000 (14 bytes)
1688297210.384114 sending message 112 to peer 0x128048000 (11 bytes)
1688297210.384122 sending message 112 to peer 0x128048000 (9 bytes)
1688297210.384130 sending message 112 to peer 0x128048000 (10 bytes)
1688297210.384161 sending message 112 to peer 0x128048000 (10 bytes)
1688297210.384168 sending message 112 to peer 0x128048000 (10 bytes)
1688297210.384172 sending message 112 to peer 0x128048000 (10 bytes)
1688297210.384178 sending message 112 to peer 0x128048000 (11 bytes)
1688297210.384184 sending message 112 to peer 0x128048000 (12 bytes)
1688297210.384190 sending message 112 to peer 0x128048000 (12 bytes)
1688297210.384195 sending message 112 to peer 0x128048000 (12 bytes)
1688297210.384200 sending message 112 to peer 0x128048000 (12 bytes)
1688297210.384206 sending message 112 to peer 0x128048000 (12 bytes)
1688297210.384211 sending message 112 to peer 0x128048000 (11 bytes)
1688297210.384217 sending message 112 to peer 0x128048000 (11 bytes)
1688297210.384223 sending message 112 to peer 0x128048000 (12 bytes)
1688297210.384229 sending message 112 to peer 0x128048000 (12 bytes)
1688297210.384234 sending message 112 to peer 0x128048000 (12 bytes)
1688297210.384240 sending message 112 to peer 0x128048000 (12 bytes)
1688297210.384246 sending message 112 to peer 0x128048000 (12 bytes)
1688297210.384252 sending message 112 to peer 0x128048000 (9 bytes)
1688297210.384256 sending message 112 to peer 0x128048000 (12 bytes)
1688297210.384262 sending message 112 to peer 0x128048000 (13 bytes)
1688297210.384267 sending message 112 to peer 0x128048000 (13 bytes)
1688297210.384273 sending message 112 to peer 0x128048000 (13 bytes)
1688297210.384280 sending message 112 to peer 0x128048000 (13 bytes)
1688297210.384284 sending message 112 to peer 0x128048000 (13 bytes)
1688297210.384290 sending message 112 to peer 0x128048000 (8 bytes)
1688297210.384294 sending message 112 to peer 0x128048000 (11 bytes)
1688297210.384298 sending message 112 to peer 0x128048000 (11 bytes)
1688297210.384304 sending message 112 to peer 0x128048000 (11 bytes)
1688297210.384310 sending message 112 to peer 0x128048000 (12 bytes)
1688297210.384316 sending message 112 to peer 0x128048000 (12 bytes)
1688297210.384322 sending message 112 to peer 0x128048000 (12 bytes)
1688297210.384326 sending message 112 to peer 0x128048000 (12 bytes)
1688297210.384331 sending message 112 to peer 0x128048000 (13 bytes)
1688297210.384336 sending message 112 to peer 0x128048000 (13 bytes)
1688297210.384340 sending message 112 to peer 0x128048000 (13 bytes)
1688297210.384345 sending message 112 to peer 0x128048000 (8 bytes)
1688297210.384349 sending message 112 to peer 0x128048000 (13 bytes)
1688297210.384355 sending message 112 to peer 0x128048000 (13 bytes)
1688297210.384359 sending message 112 to peer 0x128048000 (13 bytes)
1688297210.384365 sending message 112 to peer 0x128048000 (13 bytes)
1688297210.384371 sending message 112 to peer 0x128048000 (13 bytes)
1688297210.384376 sending message 112 to peer 0x128048000 (12 bytes)
1688297210.384382 sending message 112 to peer 0x128048000 (12 bytes)
1688297210.384388 sending message 112 to peer 0x128048000 (12 bytes)
1688297210.384394 sending message 112 to peer 0x128048000 (12 bytes)
1688297210.384401 sending message 112 to peer 0x128048000 (13 bytes)
1688297210.384406 sending message 112 to peer 0x128048000 (8 bytes)
1688297210.384412 sending message 112 to peer 0x128048000 (13 bytes)
1688297210.384418 sending message 112 to peer 0x128048000 (13 bytes)
1688297210.384423 sending message 112 to peer 0x128048000 (13 bytes)
1688297210.384429 sending message 112 to peer 0x128048000 (13 bytes)
1688297210.384435 sending message 112 to peer 0x128048000 (13 bytes)
1688297210.384441 sending message 112 to peer 0x128048000 (13 bytes)
1688297210.384446 sending message 112 to peer 0x128048000 (13 bytes)
1688297210.384451 sending message 112 to peer 0x128048000 (12 bytes)
1688297210.384457 sending message 112 to peer 0x128048000 (12 bytes)
1688297210.384463 sending message 112 to peer 0x128048000 (12 bytes)
1688297210.384468 sending message 112 to peer 0x128048000 (8 bytes)
1688297210.384474 sending message 112 to peer 0x128048000 (12 bytes)
1688297210.384478 sending message 112 to peer 0x128048000 (13 bytes)
1688297210.384493 sending message 112 to peer 0x128048000 (13 bytes)
1688297210.384500 sending message 112 to peer 0x128048000 (13 bytes)
1688297210.384506 sending message 112 to peer 0x128048000 (13 bytes)
1688297210.384511 sending message 112 to peer 0x128048000 (13 bytes)
1688297210.384516 sending message 112 to peer 0x128048000 (13 bytes)
1688297210.384520 sending message 112 to peer 0x128048000 (13 bytes)
1688297210.384525 sending message 112 to peer 0x128048000 (13 bytes)
1688297210.384531 sending message 112 to peer 0x128048000 (12 bytes)
1688297210.384536 sending message 112 to peer 0x128048000 (10 bytes)
1688297210.384542 sending message 112 to peer 0x128048000 (12 bytes)
1688297210.384548 sending message 112 to peer 0x128048000 (12 bytes)
1688297210.384553 sending message 112 to peer 0x128048000 (12 bytes)
1688297210.384559 sending message 112 to peer 0x128048000 (13 bytes)
1688297210.384565 sending message 112 to peer 0x128048000 (13 bytes)
1688297210.384571 sending message 112 to peer 0x128048000 (13 bytes)
1688297210.384578 sending message 112 to peer 0x128048000 (13 bytes)
1688297210.384582 sending message 112 to peer 0x128048000 (13 bytes)
1688297210.384588 sending message 112 to peer 0x128048000 (13 bytes)
1688297210.384594 sending message 112 to peer 0x128048000 (13 bytes)
1688297210.384600 sending message 112 to peer 0x128048000 (10 bytes)
1688297210.384605 sending message 112 to peer 0x128048000 (13 bytes)
1688297210.384611 sending message 112 to peer 0x128048000 (12 bytes)
1688297210.384617 sending message 112 to peer 0x128048000 (12 bytes)
1688297210.384623 sending message 112 to peer 0x128048000 (12 bytes)
1688297210.384630 sending message 112 to peer 0x128048000 (10 bytes)
1688297210.384635 sending message 112 to peer 0x128048000 (10 bytes)
1688297210.384640 sending message 112 to peer 0x128048000 (10 bytes)
1688297210.384646 sending message 112 to peer 0x128048000 (12 bytes)
1688297210.384652 sending message 112 to peer 0x128048000 (13 bytes)
1688297210.384659 sending message 112 to peer 0x128048000 (13 bytes)
1688297210.384666 sending message 112 to peer 0x128048000 (13 bytes)
1688297210.384673 sending message 112 to peer 0x128048000 (13 bytes)
1688297210.384677 sending message 112 to peer 0x128048000 (13 bytes)
1688297210.384683 sending message 112 to peer 0x128048000 (10 bytes)
1688297210.384687 sending message 112 to peer 0x128048000 (11 bytes)
1688297210.384692 sending message 112 to peer 0x128048000 (12 bytes)
1688297210.384697 sending message 112 to peer 0x128048000 (12 bytes)
1688297210.384704 sending message 112 to peer 0x128048000 (12 bytes)
1688297210.384712 sending message 112 to peer 0x128048000 (12 bytes)
1688297210.384717 sending message 112 to peer 0x128048000 (12 bytes)
1688297210.384722 sending message 112 to peer 0x128048000 (11 bytes)
1688297210.384728 sending message 112 to peer 0x128048000 (12 bytes)
1688297210.384734 sending message 112 to peer 0x128048000 (12 bytes)
1688297210.384740 sending message 112 to peer 0x128048000 (13 bytes)
1688297210.384745 sending message 112 to peer 0x128048000 (13 bytes)
1688297210.384751 sending message 112 to peer 0x128048000 (13 bytes)
1688297210.384758 sending message 112 to peer 0x128048000 (13 bytes)
1688297210.384763 sending message 112 to peer 0x128048000 (13 bytes)
1688297210.384768 sending message 112 to peer 0x128048000 (10 bytes)
1688297210.384774 sending message 112 to peer 0x128048000 (9 bytes)
1688297210.384780 sending message 112 to peer 0x128048000 (12 bytes)
1688297210.384785 sending message 112 to peer 0x128048000 (13 bytes)
1688297210.384791 sending message 112 to peer 0x128048000 (13 bytes)
1688297210.384797 sending message 112 to peer 0x128048000 (13 bytes)
1688297210.384803 sending message 112 to peer 0x128048000 (13 bytes)
1688297210.384809 sending message 112 to peer 0x128048000 (13 bytes)
1688297210.384815 sending message 112 to peer 0x128048000 (9 bytes)
1688297210.384820 sending message 112 to peer 0x128048000 (12 bytes)
1688297210.384826 sending message 112 to peer 0x128048000 (13 bytes)
1688297210.384831 sending message 112 to peer 0x128048000 (13 bytes)
1688297210.384845 sending message 112 to peer 0x128048000 (13 bytes)
1688297210.384852 sending message 112 to peer 0x128048000 (13 bytes)
1688297210.384856 sending message 112 to peer 0x128048000 (13 bytes)
1688297210.384862 sending message 112 to peer 0x128048000 (11 bytes)
1688297210.384866 sending message 112 to peer 0x128048000 (12 bytes)
1688297210.384871 sending message 112 to peer 0x128048000 (13 bytes)
1688297210.384876 sending message 112 to peer 0x128048000 (13 bytes)
1688297210.384883 sending message 112 to peer 0x128048000 (13 bytes)
1688297210.384889 sending message 112 to peer 0x128048000 (13 bytes)
1688297210.384895 sending message 112 to peer 0x128048000 (13 bytes)
1688297210.384901 sending message 112 to peer 0x128048000 (11 bytes)
1688297210.384906 sending message 112 to peer 0x128048000 (12 bytes)
1688297210.384912 sending message 112 to peer 0x128048000 (12 bytes)
1688297210.384919 sending message 112 to peer 0x128048000 (12 bytes)
1688297210.384924 sending message 112 to peer 0x128048000 (12 bytes)
1688297210.384930 sending message 112 to peer 0x128048000 (12 bytes)
1688297210.384936 sending message 112 to peer 0x128048000 (21 bytes)
1688297210.384941 sending message 112 to peer 0x128048000 (12 bytes)
1688297210.384947 sending message 112 to peer 0x128048000 (9 bytes)
1688297210.384953 sending message 112 to peer 0x128048000 (6 bytes)
1688297210.384959 sending message 112 to peer 0x128048000 (13 bytes)
1688297210.384964 sending message 112 to peer 0x128048000 (10 bytes)
1688297210.384969 sending message 112 to peer 0x128048000 (24 bytes)
1688297210.384975 sending message 112 to peer 0x128048000 (13 bytes)
1688297210.384981 sending message 112 to peer 0x128048000 (9 bytes)
1688297210.384987 sending message 112 to peer 0x128048000 (70 bytes)
1688297210.384992 sending message 112 to peer 0x128048000 (69 bytes)
1688297210.384997 sending message 112 to peer 0x128048000 (12 bytes)
1688297210.385002 sending message 112 to peer 0x128048000 (10 bytes)
1688297210.385008 sending message 112 to peer 0x128048000 (10 bytes)
1688297210.385014 sending message 112 to peer 0x128048000 (24 bytes)
1688297210.385020 sending message 112 to peer 0x128048000 (13 bytes)
1688297210.385024 sending message 112 to peer 0x128048000 (10 bytes)
1688297210.385030 sending message 112 to peer 0x128048000 (10 bytes)
1688297210.385034 sending message 112 to peer 0x128048000 (10 bytes)
1688297210.385038 sending message 112 to peer 0x128048000 (13 bytes)
1688297210.385044 sending message 112 to peer 0x128048000 (15 bytes)
1688297210.385050 sending message 112 to peer 0x128048000 (5 bytes)
1688297210.385057 sending message 104 to peer 0x128048000 (0 bytes)
1688297210.385064 sending message 110 to peer 0x128048000 (0 bytes)
1688297210.385070 sending message 107 to peer 0x128048000 (4 bytes)
1688297210.385077 sending message 105 to peer 0x128048000 (20 bytes)
1688297210.385083 sending message 105 to peer 0x128048000 (22 bytes)
1688297210.385089 sending message 105 to peer 0x128048000 (16 bytes)
1688297210.385094 sending message 105 to peer 0x128048000 (15 bytes)
1688297210.385100 sending message 105 to peer 0x128048000 (12 bytes)
1688297210.385105 sending message 105 to peer 0x128048000 (54 bytes)
1688297210.385111 sending message 105 to peer 0x128048000 (341 bytes)
1688297210.385117 sending message 105 to peer 0x128048000 (24 bytes)
1688297210.385123 sending message 105 to peer 0x128048000 (15 bytes)
1688297210.385129 sending message 105 to peer 0x128048000 (66 bytes)
1688297210.385135 sending message 105 to peer 0x128048000 (22 bytes)
1688297210.385141 sending message 105 to peer 0x128048000 (20 bytes)
1688297210.385146 sending message 105 to peer 0x128048000 (26 bytes)
1688297210.385151 sending message 105 to peer 0x128048000 (51 bytes)
1688297210.385157 sending message 105 to peer 0x128048000 (57 bytes)
1688297210.385163 sending message 105 to peer 0x128048000 (9 bytes)
1688297210.385169 sending message 105 to peer 0x128048000 (30 bytes)
1688297210.385175 sending message 105 to peer 0x128048000 (23 bytes)
1688297210.385195 sending message 105 to peer 0x128048000 (14 bytes)
1688297210.385201 sending message 105 to peer 0x128048000 (19 bytes)
1688297210.385205 sending message 105 to peer 0x128048000 (42 bytes)
1688297210.385211 sending message 105 to peer 0x128048000 (39 bytes)
1688297210.385216 sending message 105 to peer 0x128048000 (8 bytes)
1688297210.385221 sending message 105 to peer 0x128048000 (27 bytes)
1688297210.385227 sending message 105 to peer 0x128048000 (18 bytes)
1688297210.385233 sending message 105 to peer 0x128048000 (30 bytes)
1688297210.385239 sending message 105 to peer 0x128048000 (37 bytes)
1688297210.385244 sending message 105 to peer 0x128048000 (34 bytes)
1688297210.385250 sending message 105 to peer 0x128048000 (34 bytes)
1688297210.385256 sending message 105 to peer 0x128048000 (35 bytes)
1688297210.385263 sending message 105 to peer 0x128048000 (22 bytes)
1688297210.385267 sending message 105 to peer 0x128048000 (25 bytes)
1688297210.385273 sending message 106 to peer 0x128048000 (0 bytes)
1688297210.385346 sending message 200 to peer 0x128048000 (4 bytes)
1688297210.385353 client loop enter
1688297210.385377 client_signal: Child exited: 20
1688297210.437080 peer 0x128048000 message 207
1688297210.437091 sending message 208 to peer 0x128048000 (0 bytes)
1688297218.801324 peer 0x128048000 message 203
1688297218.801354 sending message 205 to peer 0x128048000 (0 bytes)
1688297218.801765 peer 0x128048000 message 204
1688297218.801781 client loop exit
